APPLICATION: 工作线程数不得大于队列数 2
APPLICATION: 将要设置的工作线程数为 2
APPLICATION: 将要设置的缓冲池大小 1023
APPLICATION: 将要设置开启dpdk队列数 1
EAL: Detected 4 lcore(s)
EAL: Detected 1 NUMA nodes
EAL: Detected shared linkage of DPDK
EAL: Multi-process socket /var/run/dpdk/rte/mp_socket
EAL: Selected IOVA mode 'PA'
EAL: No available 1048576 kB hugepages reported
EAL: VFIO support initialized
EAL:   Invalid NUMA socket, default to 0
EAL:   Invalid NUMA socket, default to 0
EAL: Probe PCI driver: net_e1000_em (8086:100f) device: 0000:02:02.0 (socket 0)
EAL:   Invalid NUMA socket, default to 0
EAL: Error reading from file descriptor 26: Input/output error
EAL: Probe PCI driver: net_e1000_em (8086:100f) device: 0000:02:03.0 (socket 0)
EAL: Error reading from file descriptor 29: Input/output error
TELEMETRY: No legacy callbacks, legacy socket not created
EAL: Error enabling interrupts for fd 26 (Input/output error)
EAL: Error enabling interrupts for fd 29 (Input/output error)
APPLICATION: In DpdkDeviceList::startDpdkWorkerThreads: core 1 启动APPLICATION: In DpdkDeviceList::startDpdkWorkerThreads: core 2 启动